0 info it worked if it ends with ok
1 verbose cli [ 'C:\\Program Files\\nodejs\\node.exe',
1 verbose cli   'C:\\Program Files\\nodejs\\node_modules\\npm\\bin\\npm-cli.js',
1 verbose cli   'install',
1 verbose cli   'zlib' ]
2 info using npm@3.10.10
3 info using node@v6.10.2
4 silly loadCurrentTree Starting
5 silly install loadCurrentTree
6 silly install readLocalPackageData
7 silly fetchPackageMetaData zlib
8 silly fetchNamedPackageData zlib
9 silly mapToRegistry name zlib
10 silly mapToRegistry using default registry
11 silly mapToRegistry registry https://registry.npmjs.org/
12 silly mapToRegistry data Result {
12 silly mapToRegistry   raw: 'zlib',
12 silly mapToRegistry   scope: null,
12 silly mapToRegistry   escapedName: 'zlib',
12 silly mapToRegistry   name: 'zlib',
12 silly mapToRegistry   rawSpec: '',
12 silly mapToRegistry   spec: 'latest',
12 silly mapToRegistry   type: 'tag' }
13 silly mapToRegistry uri https://registry.npmjs.org/zlib
14 verbose request uri https://registry.npmjs.org/zlib
15 verbose request no auth needed
16 info attempt registry request try #1 at 10:20:36 AM
17 verbose request id b98e89550a389fee
18 http request GET https://registry.npmjs.org/zlib
19 http 200 https://registry.npmjs.org/zlib
20 verbose headers { server: 'nginx/1.10.1',
20 verbose headers   'content-type': 'application/json',
20 verbose headers   'last-modified': 'Thu, 27 Apr 2017 05:44:17 GMT',
20 verbose headers   etag: 'W/"59018531-17d3"',
20 verbose headers   'content-encoding': 'gzip',
20 verbose headers   'cache-control': 'max-age=300',
20 verbose headers   'content-length': '1269',
20 verbose headers   'accept-ranges': 'bytes',
20 verbose headers   date: 'Fri, 28 Apr 2017 14:20:36 GMT',
20 verbose headers   via: '1.1 varnish',
20 verbose headers   age: '0',
20 verbose headers   connection: 'keep-alive',
20 verbose headers   'x-served-by': 'cache-iad2631-IAD',
20 verbose headers   'x-cache': 'HIT',
20 verbose headers   'x-cache-hits': '1',
20 verbose headers   'x-timer': 'S1493389237.989020,VS0,VE1',
20 verbose headers   vary: 'Accept-Encoding' }
21 silly get cb [ 200,
21 silly get   { server: 'nginx/1.10.1',
21 silly get     'content-type': 'application/json',
21 silly get     'last-modified': 'Thu, 27 Apr 2017 05:44:17 GMT',
21 silly get     etag: 'W/"59018531-17d3"',
21 silly get     'content-encoding': 'gzip',
21 silly get     'cache-control': 'max-age=300',
21 silly get     'content-length': '1269',
21 silly get     'accept-ranges': 'bytes',
21 silly get     date: 'Fri, 28 Apr 2017 14:20:36 GMT',
21 silly get     via: '1.1 varnish',
21 silly get     age: '0',
21 silly get     connection: 'keep-alive',
21 silly get     'x-served-by': 'cache-iad2631-IAD',
21 silly get     'x-cache': 'HIT',
21 silly get     'x-cache-hits': '1',
21 silly get     'x-timer': 'S1493389237.989020,VS0,VE1',
21 silly get     vary: 'Accept-Encoding' } ]
22 verbose get saving zlib to C:\Users\Ramesh\AppData\Roaming\npm-cache\registry.npmjs.org\zlib\.cache.json
23 verbose correctMkdir C:\Users\Ramesh\AppData\Roaming\npm-cache correctMkdir not in flight; initializing
24 silly install normalizeTree
25 silly loadCurrentTree Finishing
26 silly loadIdealTree Starting
27 silly install loadIdealTree
28 silly cloneCurrentTree Starting
29 silly install cloneCurrentTreeToIdealTree
30 silly cloneCurrentTree Finishing
31 silly loadShrinkwrap Starting
32 silly install loadShrinkwrap
33 silly loadShrinkwrap Finishing
34 silly loadAllDepsIntoIdealTree Starting
35 silly install loadAllDepsIntoIdealTree
36 silly resolveWithNewModule zlib@1.0.5 checking installable status
37 silly cache add args [ 'zlib', null ]
38 verbose cache add spec zlib
39 silly cache add parsed spec Result {
39 silly cache add   raw: 'zlib',
39 silly cache add   scope: null,
39 silly cache add   escapedName: 'zlib',
39 silly cache add   name: 'zlib',
39 silly cache add   rawSpec: '',
39 silly cache add   spec: 'latest',
39 silly cache add   type: 'tag' }
40 silly addNamed zlib@latest
41 verbose addNamed "latest" is being treated as a dist-tag for zlib
42 info addNameTag [ 'zlib', 'latest' ]
43 silly mapToRegistry name zlib
44 silly mapToRegistry using default registry
45 silly mapToRegistry registry https://registry.npmjs.org/
46 silly mapToRegistry data Result {
46 silly mapToRegistry   raw: 'zlib',
46 silly mapToRegistry   scope: null,
46 silly mapToRegistry   escapedName: 'zlib',
46 silly mapToRegistry   name: 'zlib',
46 silly mapToRegistry   rawSpec: '',
46 silly mapToRegistry   spec: 'latest',
46 silly mapToRegistry   type: 'tag' }
47 silly mapToRegistry uri https://registry.npmjs.org/zlib
48 verbose addNameTag registry:https://registry.npmjs.org/zlib not in flight; fetching
49 verbose get https://registry.npmjs.org/zlib not expired, no request
50 silly addNameTag next cb for zlib with tag latest
51 silly addNamed zlib@1.0.5
52 verbose addNamed "1.0.5" is a plain semver version for zlib
53 silly mapToRegistry name zlib
54 silly mapToRegistry using default registry
55 silly mapToRegistry registry https://registry.npmjs.org/
56 silly mapToRegistry data Result {
56 silly mapToRegistry   raw: 'zlib',
56 silly mapToRegistry   scope: null,
56 silly mapToRegistry   escapedName: 'zlib',
56 silly mapToRegistry   name: 'zlib',
56 silly mapToRegistry   rawSpec: '',
56 silly mapToRegistry   spec: 'latest',
56 silly mapToRegistry   type: 'tag' }
57 silly mapToRegistry uri https://registry.npmjs.org/zlib
58 verbose addRemoteTarball https://registry.npmjs.org/zlib/-/zlib-1.0.5.tgz not in flight; adding
59 verbose addRemoteTarball [ 'https://registry.npmjs.org/zlib/-/zlib-1.0.5.tgz',
59 verbose addRemoteTarball   '6e7c972fc371c645a6afb03ab14769def114fcc0' ]
60 info retry fetch attempt 1 at 10:20:36 AM
61 info attempt registry request try #1 at 10:20:36 AM
62 http fetch GET https://registry.npmjs.org/zlib/-/zlib-1.0.5.tgz
63 http fetch 200 https://registry.npmjs.org/zlib/-/zlib-1.0.5.tgz
64 silly fetchAndShaCheck shasum 6e7c972fc371c645a6afb03ab14769def114fcc0
65 verbose addTmpTarball C:\Users\Ramesh\AppData\Local\Temp\npm-19992-c2c69758\registry.npmjs.org\zlib\-\zlib-1.0.5.tgz not in flight; adding
66 verbose addTmpTarball already have metadata; skipping unpack for zlib@1.0.5
67 verbose correctMkdir C:\Users\Ramesh\AppData\Roaming\npm-cache correctMkdir not in flight; initializing
68 silly cache afterAdd zlib@1.0.5
69 verbose afterAdd C:\Users\Ramesh\AppData\Roaming\npm-cache\zlib\1.0.5\package\package.json not in flight; writing
70 verbose correctMkdir C:\Users\Ramesh\AppData\Roaming\npm-cache correctMkdir not in flight; initializing
71 verbose afterAdd C:\Users\Ramesh\AppData\Roaming\npm-cache\zlib\1.0.5\package\package.json written
72 silly loadAllDepsIntoIdealTree Finishing
73 silly loadIdealTree Finishing
74 silly currentTree nodepractice
74 silly currentTree +-- @types/node@7.0.13
74 silly currentTree `-- events@1.1.1
75 silly idealTree nodepractice
75 silly idealTree +-- @types/node@7.0.13
75 silly idealTree +-- events@1.1.1
75 silly idealTree `-- zlib@1.0.5
76 silly generateActionsToTake Starting
77 silly install generateActionsToTake
78 silly generateActionsToTake Finishing
79 silly diffTrees action count 1
80 silly diffTrees add zlib@1.0.5
81 silly decomposeActions action count 8
82 silly decomposeActions fetch zlib@1.0.5
83 silly decomposeActions extract zlib@1.0.5
84 silly decomposeActions test zlib@1.0.5
85 silly decomposeActions preinstall zlib@1.0.5
86 silly decomposeActions build zlib@1.0.5
87 silly decomposeActions install zlib@1.0.5
88 silly decomposeActions postinstall zlib@1.0.5
89 silly decomposeActions finalize zlib@1.0.5
90 silly runTopLevelLifecycles Starting
91 silly executeActions Starting
92 silly install executeActions
93 silly doSerial global-install 0
94 silly doParallel fetch 1
95 verbose correctMkdir C:\Users\Ramesh\AppData\Roaming\npm-cache\_locks correctMkdir not in flight; initializing
96 verbose lock using C:\Users\Ramesh\AppData\Roaming\npm-cache\_locks\staging-e552e75335a2188a.lock for C:\Users\Ramesh\Google Drive\git\nodepractice\node_modules\.staging
97 silly doParallel extract 1
98 silly extract zlib@1.0.5
99 verbose unbuild node_modules\.staging\zlib-256d75ff
100 silly gentlyRm C:\Users\Ramesh\Google Drive\git\nodepractice\node_modules\.staging\zlib-256d75ff is being purged from base C:\Users\Ramesh\Google Drive\git\nodepractice
101 verbose gentlyRm don't care about contents; nuking C:\Users\Ramesh\Google Drive\git\nodepractice\node_modules\.staging\zlib-256d75ff
102 verbose tar unpack C:\Users\Ramesh\AppData\Roaming\npm-cache\zlib\1.0.5\package.tgz
103 verbose tar unpacking to C:\Users\Ramesh\Google Drive\git\nodepractice\node_modules\.staging\zlib-256d75ff
104 silly gentlyRm C:\Users\Ramesh\Google Drive\git\nodepractice\node_modules\.staging\zlib-256d75ff is being purged
105 verbose gentlyRm don't care about contents; nuking C:\Users\Ramesh\Google Drive\git\nodepractice\node_modules\.staging\zlib-256d75ff
106 silly gunzTarPerm modes [ '777', '666' ]
107 silly gunzTarPerm extractEntry .gitignore
108 silly gunzTarPerm modified mode [ '.gitignore', 420, 438 ]
109 silly gunzTarPerm extractEntry configure
110 silly gunzTarPerm modified mode [ 'configure', 493, 511 ]
111 silly gunzTarPerm extractEntry index.js
112 silly gunzTarPerm modified mode [ 'index.js', 420, 438 ]
113 silly gunzTarPerm extractEntry LICENSE
114 silly gunzTarPerm modified mode [ 'LICENSE', 420, 438 ]
115 silly gunzTarPerm extractEntry Makefile
116 silly gunzTarPerm modified mode [ 'Makefile', 420, 438 ]
117 silly gunzTarPerm extractEntry package.json
118 silly gunzTarPerm modified mode [ 'package.json', 420, 438 ]
119 silly gunzTarPerm extractEntry README.md
120 silly gunzTarPerm modified mode [ 'README.md', 420, 438 ]
121 silly gunzTarPerm extractEntry wscript
122 silly gunzTarPerm modified mode [ 'wscript', 420, 438 ]
123 silly gunzTarPerm extractEntry lib/zlib.js
124 silly gunzTarPerm modified mode [ 'lib/zlib.js', 420, 438 ]
125 silly gunzTarPerm extractEntry src/node-zlib.cc
126 silly gunzTarPerm modified mode [ 'src/node-zlib.cc', 420, 438 ]
127 silly gunzTarPerm extractEntry test/deflate.test.js
128 silly gunzTarPerm modified mode [ 'test/deflate.test.js', 420, 438 ]
129 silly gunzTarPerm extractEntry test/inflate.test.js
130 silly gunzTarPerm modified mode [ 'test/inflate.test.js', 420, 438 ]
131 silly gentlyRm C:\Users\Ramesh\Google Drive\git\nodepractice\node_modules\.staging\zlib-256d75ff\node_modules is being purged
132 verbose gentlyRm don't care about contents; nuking C:\Users\Ramesh\Google Drive\git\nodepractice\node_modules\.staging\zlib-256d75ff\node_modules
133 silly doParallel preinstall 1
134 silly preinstall zlib@1.0.5 C:\Users\Ramesh\Google Drive\git\nodepractice\node_modules\.staging\zlib-256d75ff
135 info lifecycle zlib@1.0.5~preinstall: zlib@1.0.5
136 verbose lifecycle zlib@1.0.5~preinstall: unsafe-perm in lifecycle true
137 verbose lifecycle zlib@1.0.5~preinstall: PATH: C:\Program Files\nodejs\node_modules\npm\bin\node-gyp-bin;C:\Users\Ramesh\Google Drive\git\nodepractice\node_modules\.staging\zlib-256d75ff\node_modules\.bin;C:\Users\Ramesh\Google Drive\git\nodepractice\node_modules\.bin;C:\Program Files (x86)\Intel\iCLS Client\;C:\Program Files\Intel\iCLS Client\;C:\WINDOWS\system32;C:\WINDOWS;C:\WINDOWS\System32\Wbem;C:\WINDOWS\System32\WindowsPowerShell\v1.0\;C:\Program Files\Intel\Intel(R) Management Engine Components\DAL;C:\Program Files\Intel\Intel(R) Management Engine Components\IPT;C:\Program Files (x86)\Intel\Intel(R) Management Engine Components\DAL;C:\Program Files (x86)\Intel\Intel(R) Management Engine Components\IPT;C:\Program Files (x86)\Intel\OpenCL SDK\2.0\bin\x86;C:\Program Files (x86)\Intel\OpenCL SDK\2.0\bin\x64;C:\Program Files\Lenovo\Bluetooth Software\;C:\Program Files\Lenovo\Bluetooth Software\syswow64;C:\Program Files\Intel\WiFi\bin\;C:\Program Files\Common Files\Intel\WirelessCommon\;C:\Program Files (x86)\Windows Live\Shared;C:\Program Files\nodejs\;C:\Users\Ramesh\AppData\Local\Microsoft\WindowsApps;%DASHLANE_DLL_DIR%;C:\Users\Ramesh\AppData\Roaming\npm;
138 verbose lifecycle zlib@1.0.5~preinstall: CWD: C:\Users\Ramesh\Google Drive\git\nodepractice\node_modules\.staging\zlib-256d75ff
139 silly lifecycle zlib@1.0.5~preinstall: Args: [ '/d /s /c',
139 silly lifecycle   'node-waf clean || true; node-waf configure build' ]
140 silly lifecycle zlib@1.0.5~preinstall: Returned: code: 1  signal: null
141 info lifecycle zlib@1.0.5~preinstall: Failed to exec preinstall script
142 verbose unlock done using C:\Users\Ramesh\AppData\Roaming\npm-cache\_locks\staging-e552e75335a2188a.lock for C:\Users\Ramesh\Google Drive\git\nodepractice\node_modules\.staging
143 silly rollbackFailedOptional Starting
144 silly rollbackFailedOptional Finishing
145 silly runTopLevelLifecycles Finishing
146 silly install printInstalled
147 warn enoent ENOENT: no such file or directory, open 'C:\Users\Ramesh\Google Drive\git\nodepractice\package.json'
148 verbose enoent ENOENT: no such file or directory, open 'C:\Users\Ramesh\Google Drive\git\nodepractice\package.json'
148 verbose enoent This is most likely not a problem with npm itself
148 verbose enoent and is related to npm not being able to find a file.
149 warn nodepractice No description
150 verbose If you need help, you may report this error at:
150 verbose     <https://github.com/npm/npm/issues>
151 warn nodepractice No repository field.
152 verbose If you need help, you may report this error at:
152 verbose     <https://github.com/npm/npm/issues>
153 warn nodepractice No README data
154 verbose If you need help, you may report this error at:
154 verbose     <https://github.com/npm/npm/issues>
155 warn nodepractice No license field.
156 verbose If you need help, you may report this error at:
156 verbose     <https://github.com/npm/npm/issues>
157 verbose stack Error: zlib@1.0.5 preinstall: `node-waf clean || true; node-waf configure build`
157 verbose stack Exit status 1
157 verbose stack     at EventEmitter.<anonymous> (C:\Program Files\nodejs\node_modules\npm\lib\utils\lifecycle.js:255:16)
157 verbose stack     at emitTwo (events.js:106:13)
157 verbose stack     at EventEmitter.emit (events.js:191:7)
157 verbose stack     at ChildProcess.<anonymous> (C:\Program Files\nodejs\node_modules\npm\lib\utils\spawn.js:40:14)
157 verbose stack     at emitTwo (events.js:106:13)
157 verbose stack     at ChildProcess.emit (events.js:191:7)
157 verbose stack     at maybeClose (internal/child_process.js:886:16)
157 verbose stack     at Process.ChildProcess._handle.onexit (internal/child_process.js:226:5)
158 verbose pkgid zlib@1.0.5
159 verbose cwd C:\Users\Ramesh\Google Drive\git\nodepractice\streams
160 error Windows_NT 10.0.15063
161 error argv "C:\\Program Files\\nodejs\\node.exe" "C:\\Program Files\\nodejs\\node_modules\\npm\\bin\\npm-cli.js" "install" "zlib"
162 error node v6.10.2
163 error npm  v3.10.10
164 error code ELIFECYCLE
165 error zlib@1.0.5 preinstall: `node-waf clean || true; node-waf configure build`
165 error Exit status 1
166 error Failed at the zlib@1.0.5 preinstall script 'node-waf clean || true; node-waf configure build'.
166 error Make sure you have the latest version of node.js and npm installed.
166 error If you do, this is most likely a problem with the zlib package,
166 error not with npm itself.
166 error Tell the author that this fails on your system:
166 error     node-waf clean || true; node-waf configure build
166 error You can get information on how to open an issue for this project with:
166 error     npm bugs zlib
166 error Or if that isn't available, you can get their info via:
166 error     npm owner ls zlib
166 error There is likely additional logging output above.
167 verbose exit [ 1, true ]
